<?xml version="1.0" encoding="UTF-8"?>
<testsuite xmlns:xsi="http://www.w3.org/2001/XMLSchema-instance" xsi:noNamespaceSchemaLocation="https://maven.apache.org/surefire/maven-surefire-plugin/xsd/surefire-test-report.xsd" name="org.jboss.additional.testsuite.jdkall.present.logging.misc.LoggingServletTestCase" time="2.473" tests="4" errors="0" skipped="0" failures="0">
  <properties>
[...]
</properties>
  <testcase name="testProfiles1" classname="org.jboss.additional.testsuite.jdkall.present.logging.misc.LoggingServletTestCase" time="0.448"/>
  <testcase name="testProfiles2" classname="org.jboss.additional.testsuite.jdkall.present.logging.misc.LoggingServletTestCase" time="0.046"/>
  <testcase name="testServlet" classname="org.jboss.additional.testsuite.jdkall.present.logging.misc.LoggingServletTestCase" time="0.034"/>
  <testcase name="testServlet2" classname="org.jboss.additional.testsuite.jdkall.present.logging.misc.LoggingServletTestCase" time="0.017"/>
</testsuite>